0 info it worked if it ends with ok
1 verbose cli [ 'C:\\Program Files\\nodejs\\\\node.exe',
1 verbose cli   'C:\\Program Files\\nodejs\\node_modules\\npm\\bin\\npm-cli.js',
1 verbose cli   'install',
1 verbose cli   '-g',
1 verbose cli   'phonegap' ]
2 info using npm@1.3.21
3 info using node@v0.10.24
4 verbose node symlink C:\Program Files\nodejs\\node.exe
5 verbose cache add [ 'phonegap', null ]
6 verbose cache add name=undefined spec="phonegap" args=["phonegap",null]
7 verbose parsed url { protocol: null,
7 verbose parsed url   slashes: null,
7 verbose parsed url   auth: null,
7 verbose parsed url   host: null,
7 verbose parsed url   port: null,
7 verbose parsed url   hostname: null,
7 verbose parsed url   hash: null,
7 verbose parsed url   search: null,
7 verbose parsed url   query: null,
7 verbose parsed url   pathname: 'phonegap',
7 verbose parsed url   path: 'phonegap',
7 verbose parsed url   href: 'phonegap' }
8 silly lockFile 10db903f-phonegap phonegap
9 verbose lock phonegap C:\Users\esantillan.IRTP\AppData\Roaming\npm-cache\10db903f-phonegap.lock
10 silly lockFile 10db903f-phonegap phonegap
11 silly lockFile 10db903f-phonegap phonegap
12 verbose addNamed [ 'phonegap', '' ]
13 verbose addNamed [ null, '*' ]
14 silly lockFile 3a6257f3-phonegap phonegap@
15 verbose lock phonegap@ C:\Users\esantillan.IRTP\AppData\Roaming\npm-cache\3a6257f3-phonegap.lock
16 silly addNameRange { name: 'phonegap', range: '*', hasData: false }
17 verbose url raw phonegap
18 verbose url resolving [ 'https://registry.npmjs.org/', './phonegap' ]
19 verbose url resolved https://registry.npmjs.org/phonegap
20 info trying registry request attempt 1 at 10:30:27
21 verbose etag "DXGAOQBEATNQN97J7VP2FHCRT"
22 http GET https://registry.npmjs.org/phonegap
23 http 304 https://registry.npmjs.org/phonegap
24 silly registry.get cb [ 304,
24 silly registry.get   { date: 'Wed, 11 Feb 2015 15:34:42 GMT',
24 silly registry.get     server: 'Apache',
24 silly registry.get     via: '1.1 varnish',
24 silly registry.get     'last-modified': 'Wed, 11 Feb 2015 15:34:42 GMT',
24 silly registry.get     'cache-control': 'max-age=60',
24 silly registry.get     etag: '"DXGAOQBEATNQN97J7VP2FHCRT"',
24 silly registry.get     age: '0',
24 silly registry.get     'x-served-by': 'cache-iad2129-IAD',
24 silly registry.get     'x-cache': 'HIT',
24 silly registry.get     'x-cache-hits': '1',
24 silly registry.get     'x-timer': 'S1423668882.359039,VS0,VE86',
24 silly registry.get     vary: 'Accept',
24 silly registry.get     'content-length': '0',
24 silly registry.get     'keep-alive': 'timeout=10, max=50',
24 silly registry.get     connection: 'Keep-Alive' } ]
25 verbose etag phonegap from cache
26 silly addNameRange number 2 { name: 'phonegap', range: '*', hasData: true }
27 silly addNameRange versions [ 'phonegap',
27 silly addNameRange   [ '0.2.0',
27 silly addNameRange     '0.2.1',
27 silly addNameRange     '0.2.2',
27 silly addNameRange     '0.3.0',
27 silly addNameRange     '0.4.0',
27 silly addNameRange     '0.4.1',
27 silly addNameRange     '0.5.0',
27 silly addNameRange     '0.6.0',
27 silly addNameRange     '0.6.1',
27 silly addNameRange     '0.7.0',
27 silly addNameRange     '0.7.1',
27 silly addNameRange     '0.7.2',
27 silly addNameRange     '0.7.3',
27 silly addNameRange     '0.7.4',
27 silly addNameRange     '0.7.5',
27 silly addNameRange     '0.7.6',
27 silly addNameRange     '0.7.7',
27 silly addNameRange     '0.7.8',
27 silly addNameRange     '0.8.0',
27 silly addNameRange     '0.8.1',
27 silly addNameRange     '0.9.0',
27 silly addNameRange     '0.9.1',
27 silly addNameRange     '0.9.2',
27 silly addNameRange     '0.9.3',
27 silly addNameRange     '0.9.4',
27 silly addNameRange     '2.8.0-0.10.0',
27 silly addNameRange     '2.8.0-0.10.1',
27 silly addNameRange     '2.8.0-0.10.2',
27 silly addNameRange     '2.8.0-0.10.3',
27 silly addNameRange     '2.8.0-0.10.4',
27 silly addNameRange     '2.8.0-0.10.6',
27 silly addNameRange     '2.8.1-0.11.0',
27 silly addNameRange     '2.9.0-0.12.2',
27 silly addNameRange     '2.9.0-0.12.3',
27 silly addNameRange     '2.9.0-0.12.4',
27 silly addNameRange     '2.9.0-0.12.5',
27 silly addNameRange     '2.9.0-0.12.6',
27 silly addNameRange     '2.9.0-0.12.7',
27 silly addNameRange     '2.9.0-0.12.8',
27 silly addNameRange     '2.9.0-rc1-0.12.0',
27 silly addNameRange     '2.9.0-rc1-0.12.1',
27 silly addNameRange     '2.9.0-rc1-0.12.2',
27 silly addNameRange     '2.9.0-0.12.9',
27 silly addNameRange     '2.9.0-0.12.10',
27 silly addNameRange     '2.9.0-0.12.11',
27 silly addNameRange     '2.9.0-0.13.0',
27 silly addNameRange     '2.9.0-0.13.1',
27 silly addNameRange     '2.9.0-0.13.2',
27 silly addNameRange     '3.0.0-rc1-0.13.2',
27 silly addNameRange     '3.0.0-rc1-0.13.3',
27 silly addNameRange     '3.0.0-0.14.0',
27 silly addNameRange     '3.0.0-0.14.1',
27 silly addNameRange     '3.0.0-0.14.2',
27 silly addNameRange     '3.0.0-0.14.3',
27 silly addNameRange     '3.0.0-0.14.4',
27 silly addNameRange     '3.1.0-0.15.0',
27 silly addNameRange     '3.2.0-0.15.0',
27 silly addNameRange     '3.2.0-0.16.0',
27 silly addNameRange     '3.2.0-0.17.0',
27 silly addNameRange     '3.2.0-0.17.1',
27 silly addNameRange     '3.3.0-0.17.1',
27 silly addNameRange     '3.3.0-0.18.0',
27 silly addNameRange     '3.3.0-0.18.1',
27 silly addNameRange     '3.3.0-0.19.0',
27 silly addNameRange     '3.3.0-0.19.1',
27 silly addNameRange     '3.3.0-0.19.2',
27 silly addNameRange     '3.3.0-0.19.3',
27 silly addNameRange     '3.3.0-0.19.4',
27 silly addNameRange     '3.3.0-0.19.5',
27 silly addNameRange     '3.3.0-0.19.6',
27 silly addNameRange     '3.4.0-0.19.7',
27 silly addNameRange     '3.4.0-0.19.8',
27 silly addNameRange     '3.4.0-0.19.9',
27 silly addNameRange     '3.4.0-0.19.10',
27 silly addNameRange     '3.4.0-0.19.11',
27 silly addNameRange     '3.4.0-0.19.12',
27 silly addNameRange     '3.4.0-0.19.13',
27 silly addNameRange     '3.4.0-0.19.14',
27 silly addNameRange     '3.4.0-0.19.15',
27 silly addNameRange     '3.4.0-0.19.16',
27 silly addNameRange     '3.4.0-0.19.17',
27 silly addNameRange     '3.4.0-0.19.18',
27 silly addNameRange     '3.4.0-0.19.19',
27 silly addNameRange     '3.4.0-0.19.20',
27 silly addNameRange     '3.4.0-0.19.21',
27 silly addNameRange     '3.4.0-0.20.0',
27 silly addNameRange     '3.5.0-0.19.23',
27 silly addNameRange     '3.5.0-0.20.0',
27 silly addNameRange     '3.5.0-0.20.1',
27 silly addNameRange     '3.5.0-0.20.3',
27 silly addNameRange     '3.5.0-0.20.4',
27 silly addNameRange     '3.5.0-0.20.5',
27 silly addNameRange     '3.5.0-0.20.6',
27 silly addNameRange     '3.5.0-0.20.7',
27 silly addNameRange     '3.5.0-0.20.9',
27 silly addNameRange     '3.5.0-0.20.10',
27 silly addNameRange     '3.5.0-0.20.14',
27 silly addNameRange     '3.5.0-0.21.14',
27 silly addNameRange     '3.5.0-0.21.15',
27 silly addNameRange     '3.5.0-0.21.16',
27 silly addNameRange     '3.5.0-0.21.17',
27 silly addNameRange     '3.5.0-0.21.18',
27 silly addNameRange     '3.6.0-0.21.18',
27 silly addNameRange     '3.6.0-0.21.19',
27 silly addNameRange     '3.6.3-0.22.0',
27 silly addNameRange     '3.6.3-0.22.1',
27 silly addNameRange     '3.6.3-0.22.2',
27 silly addNameRange     '3.6.3-0.22.3',
27 silly addNameRange     '3.6.3-0.22.4',
27 silly addNameRange     '3.6.3-0.22.5',
27 silly addNameRange     '3.6.3-0.22.6',
27 silly addNameRange     '3.6.3-0.22.7',
27 silly addNameRange     '4.0.0-0.22.7',
27 silly addNameRange     '4.1.2-0.22.7',
27 silly addNameRange     '4.1.2-0.22.8',
27 silly addNameRange     '4.1.2-0.22.9',
27 silly addNameRange     '4.1.2-0.22.10',
27 silly addNameRange     '4.1.2-0.22.11',
27 silly addNameRange     '4.1.2-0.22.12',
27 silly addNameRange     '4.2.0-0.23.0',
27 silly addNameRange     '4.2.0-0.24.0',
27 silly addNameRange     '4.2.0-0.24.1',
27 silly addNameRange     '4.2.0-0.24.2' ] ]
28 verbose addNamed [ 'phonegap', '4.2.0-0.24.2' ]
29 verbose addNamed [ '4.2.0-0.24.2', '4.2.0-0.24.2' ]
30 silly lockFile 1e58e9a6-phonegap-4-2-0-0-24-2 phonegap@4.2.0-0.24.2
31 verbose lock phonegap@4.2.0-0.24.2 C:\Users\esantillan.IRTP\AppData\Roaming\npm-cache\1e58e9a6-phonegap-4-2-0-0-24-2.lock
32 silly lockFile 1e58e9a6-phonegap-4-2-0-0-24-2 phonegap@4.2.0-0.24.2
33 silly lockFile 1e58e9a6-phonegap-4-2-0-0-24-2 phonegap@4.2.0-0.24.2
34 silly lockFile 3a6257f3-phonegap phonegap@
35 silly lockFile 3a6257f3-phonegap phonegap@
36 silly resolved [ { name: 'phonegap',
36 silly resolved     description: 'PhoneGap command-line interface and node.js library.',
36 silly resolved     version: '4.2.0-0.24.2',
36 silly resolved     homepage: 'http://github.com/phonegap/phonegap-cli',
36 silly resolved     repository:
36 silly resolved      { type: 'git',
36 silly resolved        url: 'git://github.com/phonegap/phonegap-cli.git' },
36 silly resolved     keywords:
36 silly resolved      [ 'cli',
36 silly resolved        'cordova',
36 silly resolved        'phonegap',
36 silly resolved        'phonegap build',
36 silly resolved        'phonegap/build' ],
36 silly resolved     preferGlobal: 'true',
36 silly resolved     main: './lib/main.js',
36 silly resolved     bin: { phonegap: './bin/phonegap.js' },
36 silly resolved     scripts: { test: 'jasmine-node --color spec' },
36 silly resolved     engineStrict: 'true',
36 silly resolved     engines: { node: '>=0.10.0' },
36 silly resolved     dependencies:
36 silly resolved      { colors: '0.6.0-1',
36 silly resolved        'connect-phonegap': '0.14.8',
36 silly resolved        cordova: '4.2.0',
36 silly resolved        minimist: '0.1.0',
36 silly resolved        'phonegap-build': '0.9.1',
36 silly resolved        pluralize: '0.0.4',
36 silly resolved        prompt: '0.2.11',
36 silly resolved        'qrcode-terminal': '0.9.4',
36 silly resolved        semver: '1.1.0',
36 silly resolved        shelljs: '0.1.4' },
36 silly resolved     devDependencies: { 'jasmine-node': '1.14.5', chdir: '0.0.x' },
36 silly resolved     optionalDependencies: {},
36 silly resolved     contributors: [ [Object], [Object], [Object], [Object] ],
36 silly resolved     templates:
36 silly resolved      { blank: [Object],
36 silly resolved        'hello-world': [Object],
36 silly resolved        'hello-cordova': [Object] },
36 silly resolved     readme: '# PhoneGap CLI [![Build Status][travis-ci-img]][travis-ci-url]\n\n> PhoneGap command-line interface and Node.js library.\n\n\n## Command-line\n\n### Requirements\n\n- [Install node.js](http://nodejs.org/) version `>=0.10.x`\n- [Install ios-sim](https://github.com/phonegap/ios-sim#installation) to deploy apps to the iOS simulator.\n\n### Install\n\n    $ npm install -g phonegap\n\n### Getting Started\n\n    $ phonegap create my-app    # create a PhoneGap project\n    $ cd my-app                 # change to project directory\n    $ phonegap run ios          # build and install the app to iOS\n\n### Usage\n\n    Usage: phonegap [options] [commands]\n\n    Description:\n\n      PhoneGap command-line tool.\n\n    Commands:\n\n      create <path>        create a phonegap project\n      build <platform>     build the project for specific platform\n      install <platform>   install the project on a specific platform\n      run <platform>       build and install the projectfor specific platform\n      serve                serve a phonegap project\n      local [command]      development on local system\n      remote [command]     development in cloud with phonegap/build\n      platform [command]   update a platform version\n      help [command]       output usage information\n      version              output version number\n\n    Options:\n\n      -d, --verbose        allow verbose output\n      -v, --version        output version number\n      -h, --help           output usage information\n\n    Platforms:\n\n      keyword            | local environment | remote environment\n      -------------------|-------------------|-------------------\n      android            | ✔                 | ✔\n      blackberry10       | ✔                 | ✖\n      ios                | ✔                 | ✔\n      wp8                | ✔                 | ✔\n\n\n    Examples:\n\n      $ phonegap help create\n      $ phonegap help remote build\n      $ phonegap create path/to/my-app\n      $ phonegap remote build android\n\n#### Local Usage\n\n    Usage: phonegap local [command]\n\n    Description:\n\n      Executes the command on the local system.\n\n      This requires that platform SDK is correctly installed.\n\n    Commands:\n\n      build <platform>     build a specific platform\n      install <platform>   install a specific platform\n      run <platform>       build and install a specific platform\n      plugin <command>     add, remove, and list plugins\n\n    Examples:\n\n      $ phonegap local build android\n      $ phonegap local run android\n      $ phonegap local plugin list\n\n#### Remote Usage\n\n    Usage: phonegap remote [command]\n\n    Description:\n\n      Executes the command remotely using the cloud-based PhoneGap/Build service.\n\n    Commands:\n\n      login                login to PhoneGap/Build\n      logout               logout of PhoneGap/Build\n      build <platform>     build a specific platform\n      install <platform>   install a specific platform\n      run <platform>       build and install a specific platform\n\n    Examples:\n\n      $ phonegap remote login\n      $ phonegap remote build android\n      $ phonegap remote run android\n\n## Node Library\n\n### Usage\n\n    var phonegap = require(\'phonegap\');\n\n## App Templates\n\nTemplates allow you to create a new app from an existing app template. The\nnice part about templates is that they are simply a Cordova-compatible app.\nAny existing app can be a template.\n\nYou can list the available templates with:\n\n    $ phonegap template list\n\nYou can create a new project from a template with:\n\n    $ phonegap create my-app --template hello-world\n\n### Adding a New Template\n\nAdding a new template is easy.\n\n1. Add your template to the [package.json template section][package-template].\n\n        // the key is your template name (e.g. hello-world)\n        // the url is a HTTP URL to a .tar.gz.\n        {\n          "templates": {\n            "hello-world": {\n              "description": "Default hello world app for PhoneGap.",\n              "url": "https://github.com/phonegap/phonegap-app-hello-world/archive/master.tar.gz"\n            }\n          }\n        }\n\n1. Send us a pull request!\n\n## FAQ\n\n### phonegap: command not found\n\n#### Problem\n\nThe PhoneGap CLI installs successfully but you do not have a command `phonegap`.\n\n#### Reason\n\nDepending on how `node` and `npm` were installed, your globally installed npm\nmodules may not be in your `PATH`.\n\n#### Solution\n\nAt the bottom of your `npm install -g phonegap` installation log, you will see the following:\n\n    ...\n    /usr/local/share/npm/bin/phonegap -> /usr/local/share/npm/lib/node_modules/phonegap/bin/phonegap.js\n    ...\n\n_(Your path may be slightly different)_\n\nOpen `~/.profile` or `~/.bashrc`, depending on what exists on your system, and add following line:\n\n    export PATH=$PATH:/usr/local/share/npm/bin\n\nOpen a new terminal tab or type the following command:\n\n    $ source ~/.profile\n    or\n    $ source ~/.bashrc\n\nThe command `phonegap` should now be available to you.\n\n### The provided path is not an Android project\n\n#### Problem\n\nYou receive the following error message when building an Android project:\n\n    throw new Error(\'The provided path "\' + project + \'" is not an Android\n\n#### Reason\n\nThe first time that you build for a platform, the framework is downloaded from Apache Cordova.\n\nThe framework is stored locally in your home directory, such as `~/.cordova/lib`.\n\nSometimes the framework is corrupted during the download. It can exist for two\nknow reasons:\n\n1. Your Android SDK environment is not properly configured.\n1. Unknown issue related to Apache\'s servers or the untar operation.\n\n#### Solution\n\nFirst, you must properly configure your Android environment by following\nthe [platform setup guide](http://docs.phonegap.com/en/3.0.0/guide_platforms_android_index.md.html).\n\nNext, you must delete the cached Cordova Android framework (`x.x.x` is your version):\n\n    ~/.cordova/lib/android/cordova/x.x.x\n\nNext, you can try to rebuild the project. Enabling verbose mode is sometimes helpful:\n\n    $ phonegap build android --verbose\n\n## Upgrading Cordova\n\nThere are a few steps that should be taken when upgrading to a new version of the\n[cordova-cli](http://github.com/apache/cordova-cli).\n\n1. Update the `package.json` dependencies version for `cordova`.\n\n        {\n          "dependencies": {\n            "cordova": "3.1.0"\n          }\n        }\n\n1. Update the `package.json` version.\n\n        {\n          "version": "3.1.0-0.15.0"\n        }\n\n1. Run the tests.\n\n        $ npm test\n\n1. Commit stating the version increment.\n\n        $ git commit -am "Version 3.1.0-0.15.0"\n\n1. Tag the version commit.\n\n        $ git tag 3.1.0-0.15.0\n\n1. Update the [PhoneGap Hello World App](https://github.com/phonegap/phonegap-app-hello-world) to match the new version.\n  - See [Update instructions](https://github.com/phonegap/phonegap-app-hello-world#updating-the-application).\n  - In the above example, we would update the app to `3.1.0`.\n1. Manually test that the latest Hello World app is lazy-loaded.\n\n        # Link the phonegap-cli for easier development (only need to do once).\n\n        $ cd phonegap-cli/\n        $ [sudo] npm link .\n\n        # Manually test and verify hello world app is lazy-loaded.\n\n        $ phonegap create my-app\n        [phonegap] missing library phonegap/www/3.1.0\n        [phonegap] downloading https://github.com/phonegap/phonegap-app-hello-world/archive/3.1.0.tar.gz...\n        [phonegap] created project at /Users/mwbrooks/Development/sandbox/my-app\n\n        $ cd my-app/\n        $ phonegap run ios\n\n1. Push the git commit after the Hello World has been updated.\n\n        $ git push phonegap master\n\n1. Publish the npm release.\n\n        $ npm publish\n\n[travis-ci-img]: https://travis-ci.org/phonegap/phonegap-cli.png?branch=master\n[travis-ci-url]: http://travis-ci.org/phonegap/phonegap-cli\n[package-template]: https://github.com/phonegap/phonegap-cli/blob/035057713c613cc0488e4b0beb5b72c4c820d54a/package.json#L67-L76\n\n',
36 silly resolved     readmeFilename: 'README.md',
36 silly resolved     bugs: { url: 'https://github.com/phonegap/phonegap-cli/issues' },
36 silly resolved     _id: 'phonegap@4.2.0-0.24.2',
36 silly resolved     _from: 'phonegap@' } ]
37 info install phonegap@4.2.0-0.24.2 into C:\Users\esantillan.IRTP\AppData\Roaming\npm
38 info installOne phonegap@4.2.0-0.24.2
39 info C:\Users\esantillan.IRTP\AppData\Roaming\npm\node_modules\phonegap unbuild
40 verbose tar unpack C:\Users\esantillan.IRTP\AppData\Roaming\npm-cache\phonegap\4.2.0-0.24.2\package.tgz
41 silly lockFile 6c94f95f-oaming-npm-node-modules-phonegap tar://C:\Users\esantillan.IRTP\AppData\Roaming\npm\node_modules\phonegap
42 verbose lock tar://C:\Users\esantillan.IRTP\AppData\Roaming\npm\node_modules\phonegap C:\Users\esantillan.IRTP\AppData\Roaming\npm-cache\6c94f95f-oaming-npm-node-modules-phonegap.lock
43 silly lockFile 7b92548f-honegap-4-2-0-0-24-2-package-tgz tar://C:\Users\esantillan.IRTP\AppData\Roaming\npm-cache\phonegap\4.2.0-0.24.2\package.tgz
44 verbose lock tar://C:\Users\esantillan.IRTP\AppData\Roaming\npm-cache\phonegap\4.2.0-0.24.2\package.tgz C:\Users\esantillan.IRTP\AppData\Roaming\npm-cache\7b92548f-honegap-4-2-0-0-24-2-package-tgz.lock
45 silly gunzTarPerm modes [ '755', '644' ]
46 silly gunzTarPerm extractEntry package.json
47 silly gunzTarPerm modified mode [ 'package.json', 438, 420 ]
48 silly gunzTarPerm extractEntry .npmignore
49 silly gunzTarPerm modified mode [ '.npmignore', 438, 420 ]
50 silly gunzTarPerm extractEntry README.md
51 silly gunzTarPerm modified mode [ 'README.md', 438, 420 ]
52 silly gunzTarPerm extractEntry LICENSE
53 silly gunzTarPerm modified mode [ 'LICENSE', 438, 420 ]
54 silly gunzTarPerm extractEntry COPYRIGHT
55 silly gunzTarPerm modified mode [ 'COPYRIGHT', 438, 420 ]
56 silly gunzTarPerm extractEntry doc/cli/help.platform.txt
57 silly gunzTarPerm modified mode [ 'doc/cli/help.platform.txt', 438, 420 ]
58 silly gunzTarPerm extractEntry doc/cli/help.build.txt
59 silly gunzTarPerm modified mode [ 'doc/cli/help.build.txt', 438, 420 ]
60 silly gunzTarPerm extractEntry doc/cli/help.cordova.txt
61 silly gunzTarPerm modified mode [ 'doc/cli/help.cordova.txt', 438, 420 ]
62 silly gunzTarPerm extractEntry doc/cli/help.create.txt
63 silly gunzTarPerm modified mode [ 'doc/cli/help.create.txt', 438, 420 ]
64 silly gunzTarPerm extractEntry doc/cli/help.emulate.txt
65 silly gunzTarPerm modified mode [ 'doc/cli/help.emulate.txt', 438, 420 ]
66 silly gunzTarPerm extractEntry doc/cli/help.help.txt
67 silly gunzTarPerm modified mode [ 'doc/cli/help.help.txt', 438, 420 ]
68 silly gunzTarPerm extractEntry doc/cli/help.info.txt
69 silly gunzTarPerm modified mode [ 'doc/cli/help.info.txt', 438, 420 ]
70 silly gunzTarPerm extractEntry doc/cli/help.install.txt
71 silly gunzTarPerm modified mode [ 'doc/cli/help.install.txt', 438, 420 ]
72 silly gunzTarPerm extractEntry doc/cli/help.local.build.txt
73 silly gunzTarPerm modified mode [ 'doc/cli/help.local.build.txt', 438, 420 ]
74 silly gunzTarPerm extractEntry doc/cli/help.local.install.txt
75 silly gunzTarPerm modified mode [ 'doc/cli/help.local.install.txt', 438, 420 ]
76 silly gunzTarPerm extractEntry doc/cli/help.local.plugin.add.txt
77 silly gunzTarPerm modified mode [ 'doc/cli/help.local.plugin.add.txt', 438, 420 ]
78 silly gunzTarPerm extractEntry doc/cli/help.local.plugin.list.txt
79 silly gunzTarPerm modified mode [ 'doc/cli/help.local.plugin.list.txt', 438, 420 ]
80 silly gunzTarPerm extractEntry doc/cli/help.local.plugin.remove.txt
81 silly gunzTarPerm modified mode [ 'doc/cli/help.local.plugin.remove.txt', 438, 420 ]
82 silly gunzTarPerm extractEntry doc/cli/help.local.plugin.txt
83 silly gunzTarPerm modified mode [ 'doc/cli/help.local.plugin.txt', 438, 420 ]
84 silly gunzTarPerm extractEntry doc/cli/help.local.run.txt
85 silly gunzTarPerm modified mode [ 'doc/cli/help.local.run.txt', 438, 420 ]
86 silly gunzTarPerm extractEntry doc/cli/help.local.txt
87 silly gunzTarPerm modified mode [ 'doc/cli/help.local.txt', 438, 420 ]
88 silly gunzTarPerm extractEntry doc/cli/help.platform.add.txt
89 silly gunzTarPerm modified mode [ 'doc/cli/help.platform.add.txt', 438, 420 ]
90 silly gunzTarPerm extractEntry doc/cli/help.platform.check.txt
91 silly gunzTarPerm modified mode [ 'doc/cli/help.platform.check.txt', 438, 420 ]
92 silly gunzTarPerm extractEntry doc/cli/help.platform.list.txt
93 silly gunzTarPerm modified mode [ 'doc/cli/help.platform.list.txt', 438, 420 ]
94 silly gunzTarPerm extractEntry doc/cli/help.platform.remove.txt
95 silly gunzTarPerm modified mode [ 'doc/cli/help.platform.remove.txt', 438, 420 ]
96 silly gunzTarPerm extractEntry doc/cli/help.compile.txt
97 silly gunzTarPerm modified mode [ 'doc/cli/help.compile.txt', 438, 420 ]
98 silly gunzTarPerm extractEntry doc/cli/help.platform.update.txt
99 silly gunzTarPerm modified mode [ 'doc/cli/help.platform.update.txt', 438, 420 ]
100 silly gunzTarPerm extractEntry doc/cli/help.plugin.add.txt
101 silly gunzTarPerm modified mode [ 'doc/cli/help.plugin.add.txt', 438, 420 ]
102 silly gunzTarPerm extractEntry doc/cli/help.plugin.list.txt
103 silly gunzTarPerm modified mode [ 'doc/cli/help.plugin.list.txt', 438, 420 ]
104 silly gunzTarPerm extractEntry doc/cli/help.plugin.remove.txt
105 silly gunzTarPerm modified mode [ 'doc/cli/help.plugin.remove.txt', 438, 420 ]
106 silly gunzTarPerm extractEntry doc/cli/help.plugin.search.txt
107 silly gunzTarPerm modified mode [ 'doc/cli/help.plugin.search.txt', 438, 420 ]
108 silly gunzTarPerm extractEntry doc/cli/help.plugin.txt
109 silly gunzTarPerm modified mode [ 'doc/cli/help.plugin.txt', 438, 420 ]
110 silly gunzTarPerm extractEntry doc/cli/help.prepare.txt
111 silly gunzTarPerm modified mode [ 'doc/cli/help.prepare.txt', 438, 420 ]
112 silly gunzTarPerm extractEntry doc/cli/help.remote.build.txt
113 silly gunzTarPerm modified mode [ 'doc/cli/help.remote.build.txt', 438, 420 ]
114 silly gunzTarPerm extractEntry doc/cli/help.remote.install.txt
115 silly gunzTarPerm modified mode [ 'doc/cli/help.remote.install.txt', 438, 420 ]
116 silly gunzTarPerm extractEntry doc/cli/help.remote.login.txt
117 silly gunzTarPerm modified mode [ 'doc/cli/help.remote.login.txt', 438, 420 ]
118 silly gunzTarPerm extractEntry doc/cli/help.remote.logout.txt
119 silly gunzTarPerm modified mode [ 'doc/cli/help.remote.logout.txt', 438, 420 ]
120 silly gunzTarPerm extractEntry doc/cli/help.remote.run.txt
121 silly gunzTarPerm modified mode [ 'doc/cli/help.remote.run.txt', 438, 420 ]
122 silly gunzTarPerm extractEntry doc/cli/help.remote.txt
123 silly gunzTarPerm modified mode [ 'doc/cli/help.remote.txt', 438, 420 ]
124 silly gunzTarPerm extractEntry doc/cli/help.restore.txt
125 silly gunzTarPerm modified mode [ 'doc/cli/help.restore.txt', 438, 420 ]
126 silly gunzTarPerm extractEntry doc/cli/help.run.txt
127 silly gunzTarPerm modified mode [ 'doc/cli/help.run.txt', 438, 420 ]
128 silly gunzTarPerm extractEntry doc/cli/help.save.txt
129 silly gunzTarPerm modified mode [ 'doc/cli/help.save.txt', 438, 420 ]
130 silly gunzTarPerm extractEntry doc/cli/help.serve.txt
131 silly gunzTarPerm modified mode [ 'doc/cli/help.serve.txt', 438, 420 ]
132 silly gunzTarPerm extractEntry doc/cli/help.template.list.txt
133 silly gunzTarPerm modified mode [ 'doc/cli/help.template.list.txt', 438, 420 ]
134 silly gunzTarPerm extractEntry doc/cli/help.template.txt
135 silly gunzTarPerm modified mode [ 'doc/cli/help.template.txt', 438, 420 ]
136 silly gunzTarPerm extractEntry doc/cli/help.txt
137 silly gunzTarPerm modified mode [ 'doc/cli/help.txt', 438, 420 ]
138 silly gunzTarPerm extractEntry .travis.yml
139 silly gunzTarPerm modified mode [ '.travis.yml', 438, 420 ]
140 silly gunzTarPerm extractEntry spec/cli.spec.js
141 silly gunzTarPerm modified mode [ 'spec/cli.spec.js', 438, 420 ]
142 silly gunzTarPerm extractEntry spec/main.spec.js
143 silly gunzTarPerm modified mode [ 'spec/main.spec.js', 438, 420 ]
144 silly gunzTarPerm extractEntry spec/phonegap.spec.js
145 silly gunzTarPerm modified mode [ 'spec/phonegap.spec.js', 438, 420 ]
146 silly gunzTarPerm extractEntry spec/cli/app.spec.js
147 silly gunzTarPerm modified mode [ 'spec/cli/app.spec.js', 438, 420 ]
148 silly gunzTarPerm extractEntry spec/cli/local.spec.js
149 silly gunzTarPerm modified mode [ 'spec/cli/local.spec.js', 438, 420 ]
150 silly gunzTarPerm extractEntry spec/cli/remote.build.spec.js
151 silly gunzTarPerm modified mode [ 'spec/cli/remote.build.spec.js', 438, 420 ]
152 silly gunzTarPerm extractEntry spec/cli/remote.install.spec.js
153 silly gunzTarPerm modified mode [ 'spec/cli/remote.install.spec.js', 438, 420 ]
154 silly gunzTarPerm extractEntry spec/cli/remote.login.spec.js
155 silly gunzTarPerm modified mode [ 'spec/cli/remote.login.spec.js', 438, 420 ]
156 silly gunzTarPerm extractEntry spec/cli/install.spec.js
157 silly gunzTarPerm modified mode [ 'spec/cli/install.spec.js', 438, 420 ]
158 silly gunzTarPerm extractEntry spec/cli/remote.run.spec.js
159 silly gunzTarPerm modified mode [ 'spec/cli/remote.run.spec.js', 438, 420 ]
160 silly gunzTarPerm extractEntry spec/cli/remote.spec.js
161 silly gunzTarPerm modified mode [ 'spec/cli/remote.spec.js', 438, 420 ]
162 silly gunzTarPerm extractEntry spec/cli/serve.spec.js
163 silly gunzTarPerm modified mode [ 'spec/cli/serve.spec.js', 438, 420 ]
164 silly gunzTarPerm extractEntry spec/cli/template.list.spec.js
165 silly gunzTarPerm modified mode [ 'spec/cli/template.list.spec.js', 438, 420 ]
166 silly gunzTarPerm extractEntry spec/cli/template.spec.js
167 silly gunzTarPerm modified mode [ 'spec/cli/template.spec.js', 438, 420 ]
168 silly gunzTarPerm extractEntry spec/cli/help.spec.js
169 silly gunzTarPerm modified mode [ 'spec/cli/help.spec.js', 438, 420 ]
170 silly gunzTarPerm extractEntry spec/cli/unknown.spec.js
171 silly gunzTarPerm modified mode [ 'spec/cli/unknown.spec.js', 438, 420 ]
172 silly gunzTarPerm extractEntry spec/cli/create.spec.js
173 silly gunzTarPerm modified mode [ 'spec/cli/create.spec.js', 438, 420 ]
174 silly gunzTarPerm extractEntry spec/cli/verbose.spec.js
175 silly gunzTarPerm modified mode [ 'spec/cli/verbose.spec.js', 438, 420 ]
176 silly gunzTarPerm extractEntry spec/cli/cordova.spec.js
177 silly gunzTarPerm modified mode [ 'spec/cli/cordova.spec.js', 438, 420 ]
178 silly gunzTarPerm extractEntry spec/cli/version.spec.js
179 silly gunzTarPerm modified mode [ 'spec/cli/version.spec.js', 438, 420 ]
180 silly gunzTarPerm extractEntry spec/cli/remote.logout.spec.js
181 silly gunzTarPerm modified mode [ 'spec/cli/remote.logout.spec.js', 438, 420 ]
182 silly gunzTarPerm extractEntry spec/common/config/global.spec.js
183 silly gunzTarPerm modified mode [ 'spec/common/config/global.spec.js', 438, 420 ]
184 silly gunzTarPerm extractEntry spec/common/config/local.spec.js
185 silly gunzTarPerm modified mode [ 'spec/common/config/local.spec.js', 438, 420 ]
186 silly gunzTarPerm extractEntry spec/cordova/index.spec.js
187 silly gunzTarPerm modified mode [ 'spec/cordova/index.spec.js', 438, 420 ]
188 silly gunzTarPerm extractEntry spec/phonegap/app.spec.js
189 silly gunzTarPerm modified mode [ 'spec/phonegap/app.spec.js', 438, 420 ]
190 silly gunzTarPerm extractEntry spec/phonegap/create.spec.js
191 silly gunzTarPerm modified mode [ 'spec/phonegap/create.spec.js', 438, 420 ]
192 silly gunzTarPerm extractEntry spec/phonegap/mode.spec.js
193 silly gunzTarPerm modified mode [ 'spec/phonegap/mode.spec.js', 438, 420 ]
194 silly gunzTarPerm extractEntry spec/phonegap/remote.build.spec.js
195 silly gunzTarPerm modified mode [ 'spec/phonegap/remote.build.spec.js', 438, 420 ]
196 silly gunzTarPerm extractEntry spec/phonegap/remote.install.spec.js
197 silly gunzTarPerm modified mode [ 'spec/phonegap/remote.install.spec.js', 438, 420 ]
198 silly gunzTarPerm extractEntry spec/phonegap/cordova.spec.js
199 silly gunzTarPerm modified mode [ 'spec/phonegap/cordova.spec.js', 438, 420 ]
200 silly gunzTarPerm extractEntry spec/phonegap/remote.logout.spec.js
201 silly gunzTarPerm modified mode [ 'spec/phonegap/remote.logout.spec.js', 438, 420 ]
202 silly gunzTarPerm extractEntry spec/phonegap/remote.run.spec.js
203 silly gunzTarPerm modified mode [ 'spec/phonegap/remote.run.spec.js', 438, 420 ]
204 silly gunzTarPerm extractEntry spec/phonegap/serve.spec.js
205 silly gunzTarPerm modified mode [ 'spec/phonegap/serve.spec.js', 438, 420 ]
206 silly gunzTarPerm extractEntry spec/phonegap/template.list.spec.js
207 silly gunzTarPerm modified mode [ 'spec/phonegap/template.list.spec.js', 438, 420 ]
208 silly gunzTarPerm extractEntry spec/phonegap/version.spec.js
209 silly gunzTarPerm modified mode [ 'spec/phonegap/version.spec.js', 438, 420 ]
210 silly gunzTarPerm extractEntry spec/phonegap/remote.login.spec.js
211 silly gunzTarPerm modified mode [ 'spec/phonegap/remote.login.spec.js', 438, 420 ]
212 silly gunzTarPerm extractEntry spec/phonegap/util/platform.spec.js
213 silly gunzTarPerm modified mode [ 'spec/phonegap/util/platform.spec.js', 438, 420 ]
214 silly gunzTarPerm extractEntry spec/phonegap/util/project.spec.js
215 silly gunzTarPerm modified mode [ 'spec/phonegap/util/project.spec.js', 438, 420 ]
216 silly gunzTarPerm extractEntry NOTICE
217 silly gunzTarPerm modified mode [ 'NOTICE', 438, 420 ]
218 silly gunzTarPerm extractEntry bin/phonegap.js
219 silly gunzTarPerm modified mode [ 'bin/phonegap.js', 438, 420 ]
220 silly gunzTarPerm extractEntry CONTRIBUTING.md
221 silly gunzTarPerm modified mode [ 'CONTRIBUTING.md', 438, 420 ]
222 silly gunzTarPerm extractEntry lib/cli.js
223 silly gunzTarPerm modified mode [ 'lib/cli.js', 438, 420 ]
224 silly gunzTarPerm extractEntry lib/main.js
225 silly gunzTarPerm modified mode [ 'lib/main.js', 438, 420 ]
226 silly gunzTarPerm extractEntry lib/phonegap.js
227 silly gunzTarPerm modified mode [ 'lib/phonegap.js', 438, 420 ]
228 silly gunzTarPerm extractEntry lib/cli/argv.js
229 silly gunzTarPerm modified mode [ 'lib/cli/argv.js', 438, 420 ]
230 silly gunzTarPerm extractEntry lib/cli/local.js
231 silly gunzTarPerm modified mode [ 'lib/cli/local.js', 438, 420 ]
232 silly gunzTarPerm extractEntry lib/cli/remote.build.js
233 silly gunzTarPerm modified mode [ 'lib/cli/remote.build.js', 438, 420 ]
234 silly gunzTarPerm extractEntry lib/cli/remote.install.js
235 silly gunzTarPerm modified mode [ 'lib/cli/remote.install.js', 438, 420 ]
236 silly gunzTarPerm extractEntry lib/cli/install.js
237 silly gunzTarPerm modified mode [ 'lib/cli/install.js', 438, 420 ]
238 silly gunzTarPerm extractEntry lib/cli/cordova.js
239 silly gunzTarPerm modified mode [ 'lib/cli/cordova.js', 438, 420 ]
240 silly gunzTarPerm extractEntry lib/cli/remote.logout.js
241 silly gunzTarPerm modified mode [ 'lib/cli/remote.logout.js', 438, 420 ]
242 silly gunzTarPerm extractEntry lib/cli/remote.run.js
243 silly gunzTarPerm modified mode [ 'lib/cli/remote.run.js', 438, 420 ]
244 silly gunzTarPerm extractEntry lib/cli/serve.js
245 silly gunzTarPerm modified mode [ 'lib/cli/serve.js', 438, 420 ]
246 silly gunzTarPerm extractEntry lib/cli/template.js
247 silly gunzTarPerm modified mode [ 'lib/cli/template.js', 438, 420 ]
248 silly gunzTarPerm extractEntry lib/cli/help.js
249 silly gunzTarPerm modified mode [ 'lib/cli/help.js', 438, 420 ]
250 silly gunzTarPerm extractEntry lib/cli/template.list.js
251 silly gunzTarPerm modified mode [ 'lib/cli/template.list.js', 438, 420 ]
252 silly gunzTarPerm extractEntry lib/cli/create.js
253 silly gunzTarPerm modified mode [ 'lib/cli/create.js', 438, 420 ]
254 silly gunzTarPerm extractEntry lib/cli/unknown.js
255 silly gunzTarPerm modified mode [ 'lib/cli/unknown.js', 438, 420 ]
256 silly gunzTarPerm extractEntry lib/cli/remote.js
257 silly gunzTarPerm modified mode [ 'lib/cli/remote.js', 438, 420 ]
258 silly gunzTarPerm extractEntry lib/cli/version.js
259 silly gunzTarPerm modified mode [ 'lib/cli/version.js', 438, 420 ]
260 silly gunzTarPerm extractEntry lib/cli/remote.login.js
261 silly gunzTarPerm modified mode [ 'lib/cli/remote.login.js', 438, 420 ]
262 silly gunzTarPerm extractEntry lib/cli/util/console.js
263 silly gunzTarPerm modified mode [ 'lib/cli/util/console.js', 438, 420 ]
264 silly gunzTarPerm extractEntry lib/common/config.js
265 silly gunzTarPerm modified mode [ 'lib/common/config.js', 438, 420 ]
266 silly gunzTarPerm extractEntry lib/common/config/global.js
267 silly gunzTarPerm modified mode [ 'lib/common/config/global.js', 438, 420 ]
268 silly gunzTarPerm extractEntry lib/common/config/local.js
269 silly gunzTarPerm modified mode [ 'lib/common/config/local.js', 438, 420 ]
270 silly gunzTarPerm extractEntry lib/cordova/index.js
271 silly gunzTarPerm modified mode [ 'lib/cordova/index.js', 438, 420 ]
272 silly gunzTarPerm extractEntry lib/phonegap/cordova.js
273 silly gunzTarPerm modified mode [ 'lib/phonegap/cordova.js', 438, 420 ]
274 silly gunzTarPerm extractEntry lib/phonegap/mode.js
275 silly gunzTarPerm modified mode [ 'lib/phonegap/mode.js', 438, 420 ]
276 silly gunzTarPerm extractEntry lib/phonegap/remote.build.js
277 silly gunzTarPerm modified mode [ 'lib/phonegap/remote.build.js', 438, 420 ]
278 silly gunzTarPerm extractEntry lib/phonegap/remote.install.js
279 silly gunzTarPerm modified mode [ 'lib/phonegap/remote.install.js', 438, 420 ]
280 silly gunzTarPerm extractEntry lib/phonegap/remote.login.js
281 silly gunzTarPerm modified mode [ 'lib/phonegap/remote.login.js', 438, 420 ]
282 silly gunzTarPerm extractEntry lib/phonegap/create.js
283 silly gunzTarPerm modified mode [ 'lib/phonegap/create.js', 438, 420 ]
284 silly gunzTarPerm extractEntry lib/phonegap/remote.run.js
285 silly gunzTarPerm modified mode [ 'lib/phonegap/remote.run.js', 438, 420 ]
286 silly gunzTarPerm extractEntry lib/phonegap/serve.js
287 silly gunzTarPerm modified mode [ 'lib/phonegap/serve.js', 438, 420 ]
288 silly gunzTarPerm extractEntry lib/phonegap/template.list.js
289 silly gunzTarPerm modified mode [ 'lib/phonegap/template.list.js', 438, 420 ]
290 silly gunzTarPerm extractEntry lib/phonegap/version.js
291 silly gunzTarPerm modified mode [ 'lib/phonegap/version.js', 438, 420 ]
292 silly gunzTarPerm extractEntry lib/phonegap/remote.logout.js
293 silly gunzTarPerm modified mode [ 'lib/phonegap/remote.logout.js', 438, 420 ]
294 silly gunzTarPerm extractEntry lib/phonegap/util/command.js
295 silly gunzTarPerm modified mode [ 'lib/phonegap/util/command.js', 438, 420 ]
296 silly gunzTarPerm extractEntry lib/phonegap/util/phonegap-build.js
297 silly gunzTarPerm modified mode [ 'lib/phonegap/util/phonegap-build.js', 438, 420 ]
298 silly gunzTarPerm extractEntry lib/phonegap/util/platform.js
299 silly gunzTarPerm modified mode [ 'lib/phonegap/util/platform.js', 438, 420 ]
300 silly gunzTarPerm extractEntry lib/phonegap/util/project.js
301 silly gunzTarPerm modified mode [ 'lib/phonegap/util/project.js', 438, 420 ]
302 silly lockFile 6c94f95f-oaming-npm-node-modules-phonegap tar://C:\Users\esantillan.IRTP\AppData\Roaming\npm\node_modules\phonegap
303 silly lockFile 6c94f95f-oaming-npm-node-modules-phonegap tar://C:\Users\esantillan.IRTP\AppData\Roaming\npm\node_modules\phonegap
304 silly lockFile 7b92548f-honegap-4-2-0-0-24-2-package-tgz tar://C:\Users\esantillan.IRTP\AppData\Roaming\npm-cache\phonegap\4.2.0-0.24.2\package.tgz
305 silly lockFile 7b92548f-honegap-4-2-0-0-24-2-package-tgz tar://C:\Users\esantillan.IRTP\AppData\Roaming\npm-cache\phonegap\4.2.0-0.24.2\package.tgz
306 info preinstall phonegap@4.2.0-0.24.2
307 verbose readDependencies using package.json deps
308 verbose readDependencies using package.json deps
309 verbose cache add [ 'colors@0.6.0-1', null ]
310 verbose cache add name=undefined spec="colors@0.6.0-1" args=["colors@0.6.0-1",null]
311 verbose parsed url { protocol: null,
311 verbose parsed url   slashes: null,
311 verbose parsed url   auth: null,
311 verbose parsed url   host: null,
311 verbose parsed url   port: null,
311 verbose parsed url   hostname: null,
311 verbose parsed url   hash: null,
311 verbose parsed url   search: null,
311 verbose parsed url   query: null,
311 verbose parsed url   pathname: 'colors@0.6.0-1',
311 verbose parsed url   path: 'colors@0.6.0-1',
311 verbose parsed url   href: 'colors@0.6.0-1' }
312 verbose cache add name="colors" spec="0.6.0-1" args=["colors","0.6.0-1"]
313 verbose parsed url { protocol: null,
313 verbose parsed url   slashes: null,
313 verbose parsed url   auth: null,
313 verbose parsed url   host: null,
313 verbose parsed url   port: null,
313 verbose parsed url   hostname: null,
313 verbose parsed url   hash: null,
313 verbose parsed url   search: null,
313 verbose parsed url   query: null,
313 verbose parsed url   pathname: '0.6.0-1',
313 verbose parsed url   path: '0.6.0-1',
313 verbose parsed url   href: '0.6.0-1' }
314 verbose addNamed [ 'colors', '0.6.0-1' ]
315 verbose addNamed [ '0.6.0-1', '0.6.0-1' ]
316 silly lockFile 02eba27f-colors-0-6-0-1 colors@0.6.0-1
317 verbose lock colors@0.6.0-1 C:\Users\esantillan.IRTP\AppData\Roaming\npm-cache\02eba27f-colors-0-6-0-1.lock
318 verbose cache add [ 'connect-phonegap@0.14.8', null ]
319 verbose cache add name=undefined spec="connect-phonegap@0.14.8" args=["connect-phonegap@0.14.8",null]
320 verbose parsed url { protocol: null,
320 verbose parsed url   slashes: null,
320 verbose parsed url   auth: null,
320 verbose parsed url   host: null,
320 verbose parsed url   port: null,
320 verbose parsed url   hostname: null,
320 verbose parsed url   hash: null,
320 verbose parsed url   search: null,
320 verbose parsed url   query: null,
320 verbose parsed url   pathname: 'connect-phonegap@0.14.8',
320 verbose parsed url   path: 'connect-phonegap@0.14.8',
320 verbose parsed url   href: 'connect-phonegap@0.14.8' }
321 verbose cache add name="connect-phonegap" spec="0.14.8" args=["connect-phonegap","0.14.8"]
322 verbose parsed url { protocol: null,
322 verbose parsed url   slashes: null,
322 verbose parsed url   auth: null,
322 verbose parsed url   host: null,
322 verbose parsed url   port: null,
322 verbose parsed url   hostname: null,
322 verbose parsed url   hash: null,
322 verbose parsed url   search: null,
322 verbose parsed url   query: null,
322 verbose parsed url   pathname: '0.14.8',
322 verbose parsed url   path: '0.14.8',
322 verbose parsed url   href: '0.14.8' }
323 verbose addNamed [ 'connect-phonegap', '0.14.8' ]
324 verbose addNamed [ '0.14.8', '0.14.8' ]
325 silly lockFile 3feed958-connect-phonegap-0-14-8 connect-phonegap@0.14.8
326 verbose lock connect-phonegap@0.14.8 C:\Users\esantillan.IRTP\AppData\Roaming\npm-cache\3feed958-connect-phonegap-0-14-8.lock
327 verbose cache add [ 'cordova@4.2.0', null ]
328 verbose cache add name=undefined spec="cordova@4.2.0" args=["cordova@4.2.0",null]
329 verbose parsed url { protocol: null,
329 verbose parsed url   slashes: null,
329 verbose parsed url   auth: null,
329 verbose parsed url   host: null,
329 verbose parsed url   port: null,
329 verbose parsed url   hostname: null,
329 verbose parsed url   hash: null,
329 verbose parsed url   search: null,
329 verbose parsed url   query: null,
329 verbose parsed url   pathname: 'cordova@4.2.0',
329 verbose parsed url   path: 'cordova@4.2.0',
329 verbose parsed url   href: 'cordova@4.2.0' }
330 verbose cache add name="cordova" spec="4.2.0" args=["cordova","4.2.0"]
331 verbose parsed url { protocol: null,
331 verbose parsed url   slashes: null,
331 verbose parsed url   auth: null,
331 verbose parsed url   host: null,
331 verbose parsed url   port: null,
331 verbose parsed url   hostname: null,
331 verbose parsed url   hash: null,
331 verbose parsed url   search: null,
331 verbose parsed url   query: null,
331 verbose parsed url   pathname: '4.2.0',
331 verbose parsed url   path: '4.2.0',
331 verbose parsed url   href: '4.2.0' }
332 verbose addNamed [ 'cordova', '4.2.0' ]
333 verbose addNamed [ '4.2.0', '4.2.0' ]
334 silly lockFile ab86ab8c-cordova-4-2-0 cordova@4.2.0
335 verbose lock cordova@4.2.0 C:\Users\esantillan.IRTP\AppData\Roaming\npm-cache\ab86ab8c-cordova-4-2-0.lock
336 verbose cache add [ 'minimist@0.1.0', null ]
337 verbose cache add name=undefined spec="minimist@0.1.0" args=["minimist@0.1.0",null]
338 verbose parsed url { protocol: null,
338 verbose parsed url   slashes: null,
338 verbose parsed url   auth: null,
338 verbose parsed url   host: null,
338 verbose parsed url   port: null,
338 verbose parsed url   hostname: null,
338 verbose parsed url   hash: null,
338 verbose parsed url   search: null,
338 verbose parsed url   query: null,
338 verbose parsed url   pathname: 'minimist@0.1.0',
338 verbose parsed url   path: 'minimist@0.1.0',
338 verbose parsed url   href: 'minimist@0.1.0' }
339 verbose cache add name="minimist" spec="0.1.0" args=["minimist","0.1.0"]
340 verbose parsed url { protocol: null,
340 verbose parsed url   slashes: null,
340 verbose parsed url   auth: null,
340 verbose parsed url   host: null,
340 verbose parsed url   port: null,
340 verbose parsed url   hostname: null,
340 verbose parsed url   hash: null,
340 verbose parsed url   search: null,
340 verbose parsed url   query: null,
340 verbose parsed url   pathname: '0.1.0',
340 verbose parsed url   path: '0.1.0',
340 verbose parsed url   href: '0.1.0' }
341 verbose addNamed [ 'minimist', '0.1.0' ]
342 verbose addNamed [ '0.1.0', '0.1.0' ]
343 silly lockFile 961eaec4-minimist-0-1-0 minimist@0.1.0
344 verbose lock minimist@0.1.0 C:\Users\esantillan.IRTP\AppData\Roaming\npm-cache\961eaec4-minimist-0-1-0.lock
345 verbose cache add [ 'phonegap-build@0.9.1', null ]
346 verbose cache add name=undefined spec="phonegap-build@0.9.1" args=["phonegap-build@0.9.1",null]
347 verbose parsed url { protocol: null,
347 verbose parsed url   slashes: null,
347 verbose parsed url   auth: null,
347 verbose parsed url   host: null,
347 verbose parsed url   port: null,
347 verbose parsed url   hostname: null,
347 verbose parsed url   hash: null,
347 verbose parsed url   search: null,
347 verbose parsed url   query: null,
347 verbose parsed url   pathname: 'phonegap-build@0.9.1',
347 verbose parsed url   path: 'phonegap-build@0.9.1',
347 verbose parsed url   href: 'phonegap-build@0.9.1' }
348 verbose cache add name="phonegap-build" spec="0.9.1" args=["phonegap-build","0.9.1"]
349 verbose parsed url { protocol: null,
349 verbose parsed url   slashes: null,
349 verbose parsed url   auth: null,
349 verbose parsed url   host: null,
349 verbose parsed url   port: null,
349 verbose parsed url   hostname: null,
349 verbose parsed url   hash: null,
349 verbose parsed url   search: null,
349 verbose parsed url   query: null,
349 verbose parsed url   pathname: '0.9.1',
349 verbose parsed url   path: '0.9.1',
349 verbose parsed url   href: '0.9.1' }
350 verbose addNamed [ 'phonegap-build', '0.9.1' ]
351 verbose addNamed [ '0.9.1', '0.9.1' ]
352 silly lockFile 69563845-phonegap-build-0-9-1 phonegap-build@0.9.1
353 verbose lock phonegap-build@0.9.1 C:\Users\esantillan.IRTP\AppData\Roaming\npm-cache\69563845-phonegap-build-0-9-1.lock
354 verbose cache add [ 'pluralize@0.0.4', null ]
355 verbose cache add name=undefined spec="pluralize@0.0.4" args=["pluralize@0.0.4",null]
356 verbose parsed url { protocol: null,
356 verbose parsed url   slashes: null,
356 verbose parsed url   auth: null,
356 verbose parsed url   host: null,
356 verbose parsed url   port: null,
356 verbose parsed url   hostname: null,
356 verbose parsed url   hash: null,
356 verbose parsed url   search: null,
356 verbose parsed url   query: null,
356 verbose parsed url   pathname: 'pluralize@0.0.4',
356 verbose parsed url   path: 'pluralize@0.0.4',
356 verbose parsed url   href: 'pluralize@0.0.4' }
357 verbose cache add name="pluralize" spec="0.0.4" args=["pluralize","0.0.4"]
358 verbose parsed url { protocol: null,
358 verbose parsed url   slashes: null,
358 verbose parsed url   auth: null,
358 verbose parsed url   host: null,
358 verbose parsed url   port: null,
358 verbose parsed url   hostname: null,
358 verbose parsed url   hash: null,
358 verbose parsed url   search: null,
358 verbose parsed url   query: null,
358 verbose parsed url   pathname: '0.0.4',
358 verbose parsed url   path: '0.0.4',
358 verbose parsed url   href: '0.0.4' }
359 verbose addNamed [ 'pluralize', '0.0.4' ]
360 verbose addNamed [ '0.0.4', '0.0.4' ]
361 silly lockFile 31820ee3-pluralize-0-0-4 pluralize@0.0.4
362 verbose lock pluralize@0.0.4 C:\Users\esantillan.IRTP\AppData\Roaming\npm-cache\31820ee3-pluralize-0-0-4.lock
363 verbose cache add [ 'prompt@0.2.11', null ]
364 verbose cache add name=undefined spec="prompt@0.2.11" args=["prompt@0.2.11",null]
365 verbose parsed url { protocol: null,
365 verbose parsed url   slashes: null,
365 verbose parsed url   auth: null,
365 verbose parsed url   host: null,
365 verbose parsed url   port: null,
365 verbose parsed url   hostname: null,
365 verbose parsed url   hash: null,
365 verbose parsed url   search: null,
365 verbose parsed url   query: null,
365 verbose parsed url   pathname: 'prompt@0.2.11',
365 verbose parsed url   path: 'prompt@0.2.11',
365 verbose parsed url   href: 'prompt@0.2.11' }
366 verbose cache add name="prompt" spec="0.2.11" args=["prompt","0.2.11"]
367 verbose parsed url { protocol: null,
367 verbose parsed url   slashes: null,
367 verbose parsed url   auth: null,
367 verbose parsed url   host: null,
367 verbose parsed url   port: null,
367 verbose parsed url   hostname: null,
367 verbose parsed url   hash: null,
367 verbose parsed url   search: null,
367 verbose parsed url   query: null,
367 verbose parsed url   pathname: '0.2.11',
367 verbose parsed url   path: '0.2.11',
367 verbose parsed url   href: '0.2.11' }
368 verbose addNamed [ 'prompt', '0.2.11' ]
369 verbose addNamed [ '0.2.11', '0.2.11' ]
370 silly lockFile 61856ab9-prompt-0-2-11 prompt@0.2.11
371 verbose lock prompt@0.2.11 C:\Users\esantillan.IRTP\AppData\Roaming\npm-cache\61856ab9-prompt-0-2-11.lock
372 verbose cache add [ 'qrcode-terminal@0.9.4', null ]
373 verbose cache add name=undefined spec="qrcode-terminal@0.9.4" args=["qrcode-terminal@0.9.4",null]
374 verbose parsed url { protocol: null,
374 verbose parsed url   slashes: null,
374 verbose parsed url   auth: null,
374 verbose parsed url   host: null,
374 verbose parsed url   port: null,
374 verbose parsed url   hostname: null,
374 verbose parsed url   hash: null,
374 verbose parsed url   search: null,
374 verbose parsed url   query: null,
374 verbose parsed url   pathname: 'qrcode-terminal@0.9.4',
374 verbose parsed url   path: 'qrcode-terminal@0.9.4',
374 verbose parsed url   href: 'qrcode-terminal@0.9.4' }
375 verbose cache add name="qrcode-terminal" spec="0.9.4" args=["qrcode-terminal","0.9.4"]
376 verbose parsed url { protocol: null,
376 verbose parsed url   slashes: null,
376 verbose parsed url   auth: null,
376 verbose parsed url   host: null,
376 verbose parsed url   port: null,
376 verbose parsed url   hostname: null,
376 verbose parsed url   hash: null,
376 verbose parsed url   search: null,
376 verbose parsed url   query: null,
376 verbose parsed url   pathname: '0.9.4',
376 verbose parsed url   path: '0.9.4',
376 verbose parsed url   href: '0.9.4' }
377 verbose addNamed [ 'qrcode-terminal', '0.9.4' ]
378 verbose addNamed [ '0.9.4', '0.9.4' ]
379 silly lockFile b8302fc0-qrcode-terminal-0-9-4 qrcode-terminal@0.9.4
380 verbose lock qrcode-terminal@0.9.4 C:\Users\esantillan.IRTP\AppData\Roaming\npm-cache\b8302fc0-qrcode-terminal-0-9-4.lock
381 verbose cache add [ 'semver@1.1.0', null ]
382 verbose cache add name=undefined spec="semver@1.1.0" args=["semver@1.1.0",null]
383 verbose parsed url { protocol: null,
383 verbose parsed url   slashes: null,
383 verbose parsed url   auth: null,
383 verbose parsed url   host: null,
383 verbose parsed url   port: null,
383 verbose parsed url   hostname: null,
383 verbose parsed url   hash: null,
383 verbose parsed url   search: null,
383 verbose parsed url   query: null,
383 verbose parsed url   pathname: 'semver@1.1.0',
383 verbose parsed url   path: 'semver@1.1.0',
383 verbose parsed url   href: 'semver@1.1.0' }
384 verbose cache add name="semver" spec="1.1.0" args=["semver","1.1.0"]
385 verbose parsed url { protocol: null,
385 verbose parsed url   slashes: null,
385 verbose parsed url   auth: null,
385 verbose parsed url   host: null,
385 verbose parsed url   port: null,
385 verbose parsed url   hostname: null,
385 verbose parsed url   hash: null,
385 verbose parsed url   search: null,
385 verbose parsed url   query: null,
385 verbose parsed url   pathname: '1.1.0',
385 verbose parsed url   path: '1.1.0',
385 verbose parsed url   href: '1.1.0' }
386 verbose addNamed [ 'semver', '1.1.0' ]
387 verbose addNamed [ '1.1.0', '1.1.0' ]
388 silly lockFile 740aca99-semver-1-1-0 semver@1.1.0
389 verbose lock semver@1.1.0 C:\Users\esantillan.IRTP\AppData\Roaming\npm-cache\740aca99-semver-1-1-0.lock
390 verbose cache add [ 'shelljs@0.1.4', null ]
391 verbose cache add name=undefined spec="shelljs@0.1.4" args=["shelljs@0.1.4",null]
392 verbose parsed url { protocol: null,
392 verbose parsed url   slashes: null,
392 verbose parsed url   auth: null,
392 verbose parsed url   host: null,
392 verbose parsed url   port: null,
392 verbose parsed url   hostname: null,
392 verbose parsed url   hash: null,
392 verbose parsed url   search: null,
392 verbose parsed url   query: null,
392 verbose parsed url   pathname: 'shelljs@0.1.4',
392 verbose parsed url   path: 'shelljs@0.1.4',
392 verbose parsed url   href: 'shelljs@0.1.4' }
393 verbose cache add name="shelljs" spec="0.1.4" args=["shelljs","0.1.4"]
394 verbose parsed url { protocol: null,
394 verbose parsed url   slashes: null,
394 verbose parsed url   auth: null,
394 verbose parsed url   host: null,
394 verbose parsed url   port: null,
394 verbose parsed url   hostname: null,
394 verbose parsed url   hash: null,
394 verbose parsed url   search: null,
394 verbose parsed url   query: null,
394 verbose parsed url   pathname: '0.1.4',
394 verbose parsed url   path: '0.1.4',
394 verbose parsed url   href: '0.1.4' }
395 verbose addNamed [ 'shelljs', '0.1.4' ]
396 verbose addNamed [ '0.1.4', '0.1.4' ]
397 silly lockFile 77595a32-shelljs-0-1-4 shelljs@0.1.4
398 verbose lock shelljs@0.1.4 C:\Users\esantillan.IRTP\AppData\Roaming\npm-cache\77595a32-shelljs-0-1-4.lock
399 verbose url raw colors/0.6.0-1
400 verbose url resolving [ 'https://registry.npmjs.org/', './colors/0.6.0-1' ]
401 verbose url resolved https://registry.npmjs.org/colors/0.6.0-1
402 info trying registry request attempt 1 at 10:30:29
403 verbose etag "1KPF96S1ALT64FJR7GLUI4BUB"
404 http GET https://registry.npmjs.org/colors/0.6.0-1
405 verbose url raw connect-phonegap/0.14.8
406 verbose url resolving [ 'https://registry.npmjs.org/', './connect-phonegap/0.14.8' ]
407 verbose url resolved https://registry.npmjs.org/connect-phonegap/0.14.8
408 info trying registry request attempt 1 at 10:30:29
409 verbose etag "CJVU84Z4LCSCEOH0YXSQHTIKL"
410 http GET https://registry.npmjs.org/connect-phonegap/0.14.8
411 verbose url raw cordova/4.2.0
412 verbose url resolving [ 'https://registry.npmjs.org/', './cordova/4.2.0' ]
413 verbose url resolved https://registry.npmjs.org/cordova/4.2.0
414 info trying registry request attempt 1 at 10:30:29
415 verbose etag "ATTS3NCKP2FVIGVQZ45ER3D13"
416 http GET https://registry.npmjs.org/cordova/4.2.0
417 verbose url raw minimist/0.1.0
418 verbose url resolving [ 'https://registry.npmjs.org/', './minimist/0.1.0' ]
419 verbose url resolved https://registry.npmjs.org/minimist/0.1.0
420 info trying registry request attempt 1 at 10:30:29
421 verbose etag "5CAZBZ3W7U4WGK2TCFKEPUL6Y"
422 http GET https://registry.npmjs.org/minimist/0.1.0
423 verbose url raw pluralize/0.0.4
424 verbose url resolving [ 'https://registry.npmjs.org/', './pluralize/0.0.4' ]
425 verbose url resolved https://registry.npmjs.org/pluralize/0.0.4
426 info trying registry request attempt 1 at 10:30:29
427 verbose etag "93G1DYSHHA1K0MJPX61P0L26U"
428 http GET https://registry.npmjs.org/pluralize/0.0.4
429 verbose url raw phonegap-build/0.9.1
430 verbose url resolving [ 'https://registry.npmjs.org/', './phonegap-build/0.9.1' ]
431 verbose url resolved https://registry.npmjs.org/phonegap-build/0.9.1
432 info trying registry request attempt 1 at 10:30:29
433 verbose etag "6CSJCZZEANKP4ACXG4P3NV0PQ"
434 http GET https://registry.npmjs.org/phonegap-build/0.9.1
435 verbose url raw prompt/0.2.11
436 verbose url resolving [ 'https://registry.npmjs.org/', './prompt/0.2.11' ]
437 verbose url resolved https://registry.npmjs.org/prompt/0.2.11
438 info trying registry request attempt 1 at 10:30:29
439 verbose etag "3XIO8JO1JYDUH4DIL9WK2H4TJ"
440 http GET https://registry.npmjs.org/prompt/0.2.11
441 verbose url raw qrcode-terminal/0.9.4
442 verbose url resolving [ 'https://registry.npmjs.org/', './qrcode-terminal/0.9.4' ]
443 verbose url resolved https://registry.npmjs.org/qrcode-terminal/0.9.4
444 info trying registry request attempt 1 at 10:30:29
445 verbose etag "7YBAPKK2D4VHZ61M2ESIDG5UH"
446 http GET https://registry.npmjs.org/qrcode-terminal/0.9.4
447 verbose url raw semver/1.1.0
448 verbose url resolving [ 'https://registry.npmjs.org/', './semver/1.1.0' ]
449 verbose url resolved https://registry.npmjs.org/semver/1.1.0
450 info trying registry request attempt 1 at 10:30:29
451 verbose etag "37K1U3R9116X1U178L4Q6G5ZY"
452 http GET https://registry.npmjs.org/semver/1.1.0
453 verbose url raw shelljs/0.1.4
454 verbose url resolving [ 'https://registry.npmjs.org/', './shelljs/0.1.4' ]
455 verbose url resolved https://registry.npmjs.org/shelljs/0.1.4
456 info trying registry request attempt 1 at 10:30:29
457 verbose etag "A3QZT8GA9H8FQNW4NG34BRHHV"
458 http GET https://registry.npmjs.org/shelljs/0.1.4
459 http 304 https://registry.npmjs.org/pluralize/0.0.4
460 silly registry.get cb [ 304,
460 silly registry.get   { date: 'Wed, 11 Feb 2015 15:34:43 GMT',
460 silly registry.get     server: 'Apache',
460 silly registry.get     via: '1.1 varnish',
460 silly registry.get     'last-modified': 'Wed, 11 Feb 2015 15:34:43 GMT',
460 silly registry.get     'cache-control': 'max-age=60',
460 silly registry.get     etag: '"93G1DYSHHA1K0MJPX61P0L26U"',
460 silly registry.get     age: '0',
460 silly registry.get     'x-served-by': 'cache-iad2147-IAD',
460 silly registry.get     'x-cache': 'MISS',
460 silly registry.get     'x-cache-hits': '0',
460 silly registry.get     'x-timer': 'S1423668883.770152,VS0,VE54',
460 silly registry.get     vary: 'Accept',
460 silly registry.get     'content-length': '0',
460 silly registry.get     'keep-alive': 'timeout=10, max=50',
460 silly registry.get     connection: 'Keep-Alive' } ]
461 verbose etag pluralize/0.0.4 from cache
462 silly lockFile 31820ee3-pluralize-0-0-4 pluralize@0.0.4
463 silly lockFile 31820ee3-pluralize-0-0-4 pluralize@0.0.4
464 http 304 https://registry.npmjs.org/colors/0.6.0-1
465 silly registry.get cb [ 304,
465 silly registry.get   { date: 'Wed, 11 Feb 2015 15:34:43 GMT',
465 silly registry.get     server: 'Apache',
465 silly registry.get     via: '1.1 varnish',
465 silly registry.get     'last-modified': 'Wed, 11 Feb 2015 15:34:43 GMT',
465 silly registry.get     'cache-control': 'max-age=60',
465 silly registry.get     etag: '"1KPF96S1ALT64FJR7GLUI4BUB"',
465 silly registry.get     age: '47',
465 silly registry.get     'x-served-by': 'cache-iad2134-IAD',
465 silly registry.get     'x-cache': 'HIT',
465 silly registry.get     'x-cache-hits': '1',
465 silly registry.get     'x-timer': 'S1423668883.905211,VS0,VE0',
465 silly registry.get     vary: 'Accept',
465 silly registry.get     'content-length': '0',
465 silly registry.get     'keep-alive': 'timeout=10, max=50',
465 silly registry.get     connection: 'Keep-Alive' } ]
466 verbose etag colors/0.6.0-1 from cache
467 silly lockFile 02eba27f-colors-0-6-0-1 colors@0.6.0-1
468 silly lockFile 02eba27f-colors-0-6-0-1 colors@0.6.0-1
469 http 304 https://registry.npmjs.org/prompt/0.2.11
470 silly registry.get cb [ 304,
470 silly registry.get   { date: 'Wed, 11 Feb 2015 15:34:44 GMT',
470 silly registry.get     server: 'Apache',
470 silly registry.get     via: '1.1 varnish',
470 silly registry.get     'last-modified': 'Wed, 11 Feb 2015 15:34:44 GMT',
470 silly registry.get     'cache-control': 'max-age=60',
470 silly registry.get     etag: '"3XIO8JO1JYDUH4DIL9WK2H4TJ"',
470 silly registry.get     age: '2',
470 silly registry.get     'x-served-by': 'cache-iad2134-IAD',
470 silly registry.get     'x-cache': 'HIT',
470 silly registry.get     'x-cache-hits': '1',
470 silly registry.get     'x-timer': 'S1423668884.056499,VS0,VE0',
470 silly registry.get     vary: 'Accept',
470 silly registry.get     'content-length': '0',
470 silly registry.get     'keep-alive': 'timeout=10, max=49',
470 silly registry.get     connection: 'Keep-Alive' } ]
471 verbose etag prompt/0.2.11 from cache
472 http 304 https://registry.npmjs.org/cordova/4.2.0
473 silly registry.get cb [ 304,
473 silly registry.get   { date: 'Wed, 11 Feb 2015 15:34:43 GMT',
473 silly registry.get     server: 'Apache',
473 silly registry.get     via: '1.1 varnish',
473 silly registry.get     'last-modified': 'Wed, 11 Feb 2015 15:34:44 GMT',
473 silly registry.get     'cache-control': 'max-age=60',
473 silly registry.get     etag: '"ATTS3NCKP2FVIGVQZ45ER3D13"',
473 silly registry.get     age: '0',
473 silly registry.get     'x-served-by': 'cache-iad2144-IAD',
473 silly registry.get     'x-cache': 'MISS',
473 silly registry.get     'x-cache-hits': '0',
473 silly registry.get     'x-timer': 'S1423668883.979697,VS0,VE83',
473 silly registry.get     vary: 'Accept',
473 silly registry.get     'content-length': '0',
473 silly registry.get     'keep-alive': 'timeout=10, max=50',
473 silly registry.get     connection: 'Keep-Alive' } ]
474 verbose etag cordova/4.2.0 from cache
475 silly lockFile 61856ab9-prompt-0-2-11 prompt@0.2.11
476 silly lockFile 61856ab9-prompt-0-2-11 prompt@0.2.11
477 silly lockFile ab86ab8c-cordova-4-2-0 cordova@4.2.0
478 silly lockFile ab86ab8c-cordova-4-2-0 cordova@4.2.0
479 http 304 https://registry.npmjs.org/minimist/0.1.0
480 silly registry.get cb [ 304,
480 silly registry.get   { date: 'Wed, 11 Feb 2015 15:34:44 GMT',
480 silly registry.get     server: 'Apache',
480 silly registry.get     via: '1.1 varnish',
480 silly registry.get     'last-modified': 'Wed, 11 Feb 2015 15:34:44 GMT',
480 silly registry.get     'cache-control': 'max-age=60',
480 silly registry.get     etag: '"5CAZBZ3W7U4WGK2TCFKEPUL6Y"',
480 silly registry.get     age: '0',
480 silly registry.get     'x-served-by': 'cache-iad2141-IAD',
480 silly registry.get     'x-cache': 'MISS',
480 silly registry.get     'x-cache-hits': '0',
480 silly registry.get     'x-timer': 'S1423668884.234873,VS0,VE49',
480 silly registry.get     vary: 'Accept',
480 silly registry.get     'content-length': '0',
480 silly registry.get     'keep-alive': 'timeout=10, max=50',
480 silly registry.get     connection: 'Keep-Alive' } ]
481 verbose etag minimist/0.1.0 from cache
482 silly lockFile 961eaec4-minimist-0-1-0 minimist@0.1.0
483 silly lockFile 961eaec4-minimist-0-1-0 minimist@0.1.0
484 http 304 https://registry.npmjs.org/connect-phonegap/0.14.8
485 silly registry.get cb [ 304,
485 silly registry.get   { date: 'Wed, 11 Feb 2015 15:34:43 GMT',
485 silly registry.get     server: 'Apache',
485 silly registry.get     via: '1.1 varnish',
485 silly registry.get     'last-modified': 'Wed, 11 Feb 2015 15:34:43 GMT',
485 silly registry.get     'cache-control': 'max-age=60',
485 silly registry.get     etag: '"CJVU84Z4LCSCEOH0YXSQHTIKL"',
485 silly registry.get     age: '0',
485 silly registry.get     'x-served-by': 'cache-iad2127-IAD',
485 silly registry.get     'x-cache': 'MISS',
485 silly registry.get     'x-cache-hits': '0',
485 silly registry.get     'x-timer': 'S1423668883.520471,VS0,VE83',
485 silly registry.get     vary: 'Accept',
485 silly registry.get     'content-length': '0',
485 silly registry.get     'keep-alive': 'timeout=10, max=50',
485 silly registry.get     connection: 'Keep-Alive' } ]
486 verbose etag connect-phonegap/0.14.8 from cache
487 silly lockFile 3feed958-connect-phonegap-0-14-8 connect-phonegap@0.14.8
488 silly lockFile 3feed958-connect-phonegap-0-14-8 connect-phonegap@0.14.8
489 http 304 https://registry.npmjs.org/qrcode-terminal/0.9.4
490 silly registry.get cb [ 304,
490 silly registry.get   { date: 'Wed, 11 Feb 2015 15:34:44 GMT',
490 silly registry.get     server: 'Apache',
490 silly registry.get     via: '1.1 varnish',
490 silly registry.get     'last-modified': 'Wed, 11 Feb 2015 15:34:44 GMT',
490 silly registry.get     'cache-control': 'max-age=60',
490 silly registry.get     etag: '"7YBAPKK2D4VHZ61M2ESIDG5UH"',
490 silly registry.get     age: '0',
490 silly registry.get     'x-served-by': 'cache-iad2134-IAD',
490 silly registry.get     'x-cache': 'MISS',
490 silly registry.get     'x-cache-hits': '0',
490 silly registry.get     'x-timer': 'S1423668884.213392,VS0,VE356',
490 silly registry.get     vary: 'Accept',
490 silly registry.get     'content-length': '0',
490 silly registry.get     'keep-alive': 'timeout=10, max=48',
490 silly registry.get     connection: 'Keep-Alive' } ]
491 verbose etag qrcode-terminal/0.9.4 from cache
492 silly lockFile b8302fc0-qrcode-terminal-0-9-4 qrcode-terminal@0.9.4
493 silly lockFile b8302fc0-qrcode-terminal-0-9-4 qrcode-terminal@0.9.4
494 http 304 https://registry.npmjs.org/semver/1.1.0
495 silly registry.get cb [ 304,
495 silly registry.get   { date: 'Wed, 11 Feb 2015 15:34:44 GMT',
495 silly registry.get     server: 'Apache',
495 silly registry.get     via: '1.1 varnish',
495 silly registry.get     'last-modified': 'Wed, 11 Feb 2015 15:34:44 GMT',
495 silly registry.get     'cache-control': 'max-age=60',
495 silly registry.get     etag: '"37K1U3R9116X1U178L4Q6G5ZY"',
495 silly registry.get     age: '0',
495 silly registry.get     'x-served-by': 'cache-iad2144-IAD',
495 silly registry.get     'x-cache': 'MISS',
495 silly registry.get     'x-cache-hits': '0',
495 silly registry.get     'x-timer': 'S1423668884.217287,VS0,VE82',
495 silly registry.get     vary: 'Accept',
495 silly registry.get     'content-length': '0',
495 silly registry.get     'keep-alive': 'timeout=10, max=49',
495 silly registry.get     connection: 'Keep-Alive' } ]
496 verbose etag semver/1.1.0 from cache
497 silly lockFile 740aca99-semver-1-1-0 semver@1.1.0
498 silly lockFile 740aca99-semver-1-1-0 semver@1.1.0
499 http 304 https://registry.npmjs.org/shelljs/0.1.4
500 silly registry.get cb [ 304,
500 silly registry.get   { date: 'Wed, 11 Feb 2015 15:34:44 GMT',
500 silly registry.get     server: 'Apache',
500 silly registry.get     via: '1.1 varnish',
500 silly registry.get     'last-modified': 'Wed, 11 Feb 2015 15:34:44 GMT',
500 silly registry.get     'cache-control': 'max-age=60',
500 silly registry.get     etag: '"A3QZT8GA9H8FQNW4NG34BRHHV"',
500 silly registry.get     age: '0',
500 silly registry.get     'x-served-by': 'cache-iad2141-IAD',
500 silly registry.get     'x-cache': 'MISS',
500 silly registry.get     'x-cache-hits': '0',
500 silly registry.get     'x-timer': 'S1423668884.436399,VS0,VE82',
500 silly registry.get     vary: 'Accept',
500 silly registry.get     'content-length': '0',
500 silly registry.get     'keep-alive': 'timeout=10, max=49',
500 silly registry.get     connection: 'Keep-Alive' } ]
501 verbose etag shelljs/0.1.4 from cache
502 silly lockFile 77595a32-shelljs-0-1-4 shelljs@0.1.4
503 silly lockFile 77595a32-shelljs-0-1-4 shelljs@0.1.4
504 http 304 https://registry.npmjs.org/phonegap-build/0.9.1
505 silly registry.get cb [ 304,
505 silly registry.get   { date: 'Wed, 11 Feb 2015 15:34:43 GMT',
505 silly registry.get     server: 'Apache',
505 silly registry.get     via: '1.1 varnish',
505 silly registry.get     'last-modified': 'Wed, 11 Feb 2015 15:34:43 GMT',
505 silly registry.get     'cache-control': 'max-age=60',
505 silly registry.get     etag: '"6CSJCZZEANKP4ACXG4P3NV0PQ"',
505 silly registry.get     age: '0',
505 silly registry.get     'x-served-by': 'cache-iad2147-IAD',
505 silly registry.get     'x-cache': 'MISS',
505 silly registry.get     'x-cache-hits': '0',
505 silly registry.get     'x-timer': 'S1423668883.977046,VS0,VE13',
505 silly registry.get     vary: 'Accept',
505 silly registry.get     'content-length': '0',
505 silly registry.get     'keep-alive': 'timeout=10, max=49',
505 silly registry.get     connection: 'Keep-Alive' } ]
506 verbose etag phonegap-build/0.9.1 from cache
507 silly lockFile b0f43833-p-build-phonegap-build-0-9-1-tgz https://registry.npmjs.org/phonegap-build/-/phonegap-build-0.9.1.tgz
508 verbose lock https://registry.npmjs.org/phonegap-build/-/phonegap-build-0.9.1.tgz C:\Users\esantillan.IRTP\AppData\Roaming\npm-cache\b0f43833-p-build-phonegap-build-0-9-1-tgz.lock
509 verbose addRemoteTarball [ 'https://registry.npmjs.org/phonegap-build/-/phonegap-build-0.9.1.tgz',
509 verbose addRemoteTarball   'a91df8a3b6e8e860aa707cc33b15bc6a38139acc' ]
510 info retry fetch attempt 1 at 10:30:31
511 verbose fetch to= C:\Users\ESANTI~1.IRT\AppData\Local\Temp\npm-11644-xEnRZo80\1423668631914-0.9417635810095817\tmp.tgz
512 http GET https://registry.npmjs.org/phonegap-build/-/phonegap-build-0.9.1.tgz
513 http 200 https://registry.npmjs.org/phonegap-build/-/phonegap-build-0.9.1.tgz
514 silly lockFile b0f43833-p-build-phonegap-build-0-9-1-tgz https://registry.npmjs.org/phonegap-build/-/phonegap-build-0.9.1.tgz
515 silly lockFile b0f43833-p-build-phonegap-build-0-9-1-tgz https://registry.npmjs.org/phonegap-build/-/phonegap-build-0.9.1.tgz
516 silly lockFile 69563845-phonegap-build-0-9-1 phonegap-build@0.9.1
517 silly lockFile 69563845-phonegap-build-0-9-1 phonegap-build@0.9.1
518 verbose about to build C:\Users\esantillan.IRTP\AppData\Roaming\npm\node_modules\phonegap
519 info C:\Users\esantillan.IRTP\AppData\Roaming\npm\node_modules\phonegap unbuild
520 info preuninstall phonegap@4.2.0-0.24.2
521 info uninstall phonegap@4.2.0-0.24.2
522 verbose true,C:\Users\esantillan.IRTP\AppData\Roaming\npm\node_modules,C:\Users\esantillan.IRTP\AppData\Roaming\npm\node_modules unbuild phonegap@4.2.0-0.24.2
523 verbose C:\Users\esantillan.IRTP\AppData\Roaming\npm,[object Object] binRoot
524 info postuninstall phonegap@4.2.0-0.24.2
525 error Error: shasum check failed for C:\Users\ESANTI~1.IRT\AppData\Local\Temp\npm-11644-xEnRZo80\1423668631914-0.9417635810095817\tmp.tgz
525 error Expected: a91df8a3b6e8e860aa707cc33b15bc6a38139acc
525 error Actual:   119575009ad539c3d5950aff17d649caca6dfc51
525 error     at C:\Program Files\nodejs\node_modules\npm\node_modules\sha\index.js:38:8
525 error     at ReadStream.<anonymous> (C:\Program Files\nodejs\node_modules\npm\node_modules\sha\index.js:85:7)
525 error     at ReadStream.EventEmitter.emit (events.js:117:20)
525 error     at _stream_readable.js:920:16
525 error     at process._tickCallback (node.js:415:13)
526 error If you need help, you may report this *entire* log,
526 error including the npm and node versions, at:
526 error     <http://github.com/isaacs/npm/issues>
527 error System Windows_NT 6.2.9200
528 error command "C:\\Program Files\\nodejs\\\\node.exe" "C:\\Program Files\\nodejs\\node_modules\\npm\\bin\\npm-cli.js" "install" "-g" "phonegap"
529 error cwd C:\node\angular
530 error node -v v0.10.24
531 error npm -v 1.3.21
532 verbose exit [ 1, true ]
